<?xml version="1.0" encoding="UTF-8"?>
<testng-results ignored="0" total="2" passed="2" failed="0" skipped="0">
  <reporter-output>
    <line>
      <![CDATA[System will open page List Process Master with Search Functionality at various levels:-https://10.10.10.14:9443/showListProcessesPage]]>
    </line>
    <line>
      <![CDATA[List Value Select:-5List Info Massage:-Showing 1 to 5 of 944 entries]]>
    </line>
    <line>
      <![CDATA[List Value Select:-10List Info Massage:-Showing 1 to 10 of 944 entries]]>
    </line>
    <line>
      <![CDATA[List Value Select:-25List Info Massage:-Showing 1 to 25 of 944 entries]]>
    </line>
    <line>
      <![CDATA[List Value Select:-50List Info Massage:-Showing 1 to 50 of 944 entries]]>
    </line>
    <line>
      <![CDATA[List Value Select:-100List Info Massage:-Showing 1 to 100 of 944 entries]]>
    </line>
    <line>
      <![CDATA[List Value Select:-10,000List Info Massage:-Showing 1 to 944 of 944 entries]]>
    </line>
    <line>
      <![CDATA[List Value Select:-100,000List Info Massage:-Showing 1 to 944 of 944 entries]]>
    </line>
  </reporter-output>
  <suite started-at="2022-04-14T11:47:48Z" name="TestSuite" finished-at="2022-04-14T11:51:09Z" duration-ms="201156">
    <groups>
    </groups>
    <test started-at="2022-04-14T11:47:48Z" name="ChromeTest" finished-at="2022-04-14T11:51:09Z" duration-ms="201156">
      <class name="finarya_Tests.TC20_ListProcess">
        <test-method is-config="true" signature="LaunchBrowser(java.lang.String, java.lang.String)[pri:0, instance:finarya_Tests.TC20_ListProcess@3c3d9b6b]" started-at="2022-04-14T11:47:48Z" name="LaunchBrowser" finished-at="2022-04-14T11:47:54Z" duration-ms="6383" status="PASS">
          <params>
            <param index="0">
              <value>
                <![CDATA[Chrome]]>
              </value>
            </param>
            <param index="1">
              <value>
                <![CDATA[https://10.10.10.14:9443/]]>
              </value>
            </param>
          </params>
          <reporter-output>
          </reporter-output>
        </test-method> <!-- LaunchBrowser -->
        <test-method signature="validLogin(java.lang.String, java.lang.String)[pri:0, instance:finarya_Tests.TC20_ListProcess@3c3d9b6b]" started-at="2022-04-14T11:47:55Z" name="validLogin" data-provider="Login" finished-at="2022-04-14T11:49:34Z" duration-ms="99837" status="PASS">
          <params>
            <param index="0">
              <value>
                <![CDATA[admin]]>
              </value>
            </param>
            <param index="1">
              <value>
                <![CDATA[Admin@1234]]>
              </value>
            </param>
          </params>
          <reporter-output>
          </reporter-output>
        </test-method> <!-- validLogin -->
        <test-method signature="listproduct()[pri:1, instance:finarya_Tests.TC20_ListProcess@3c3d9b6b]" started-at="2022-04-14T11:49:34Z" name="listproduct" finished-at="2022-04-14T11:50:53Z" duration-ms="78566" status="PASS">
          <reporter-output>
            <line>
              <![CDATA[System will open page List Process Master with Search Functionality at various levels:-https://10.10.10.14:9443/showListProcessesPage]]>
            </line>
            <line>
              <![CDATA[List Value Select:-5List Info Massage:-Showing 1 to 5 of 944 entries]]>
            </line>
            <line>
              <![CDATA[List Value Select:-10List Info Massage:-Showing 1 to 10 of 944 entries]]>
            </line>
            <line>
              <![CDATA[List Value Select:-25List Info Massage:-Showing 1 to 25 of 944 entries]]>
            </line>
            <line>
              <![CDATA[List Value Select:-50List Info Massage:-Showing 1 to 50 of 944 entries]]>
            </line>
            <line>
              <![CDATA[List Value Select:-100List Info Massage:-Showing 1 to 100 of 944 entries]]>
            </line>
            <line>
              <![CDATA[List Value Select:-10,000List Info Massage:-Showing 1 to 944 of 944 entries]]>
            </line>
            <line>
              <![CDATA[List Value Select:-100,000List Info Massage:-Showing 1 to 944 of 944 entries]]>
            </line>
          </reporter-output>
        </test-method> <!-- listproduct -->
        <test-method is-config="true" signature="Logout()[pri:0, instance:finarya_Tests.TC20_ListProcess@3c3d9b6b]" started-at="2022-04-14T11:50:53Z" name="Logout" finished-at="2022-04-14T11:51:09Z" duration-ms="16316" status="PASS">
          <reporter-output>
          </reporter-output>
        </test-method> <!-- Logout -->
      </class> <!-- finarya_Tests.TC20_ListProcess -->
    </test> <!-- ChromeTest -->
  </suite> <!-- TestSuite -->
</testng-results>
